<?xml version="1.0" encoding="UTF-8"?>
<testng-results ignored="0" total="1" passed="1" failed="0" skipped="0">
  <reporter-output>
  </reporter-output>
  <suite started-at="2024-08-22T23:57:47 IST" name="Default suite" finished-at="2024-08-22T23:57:50 IST" duration-ms="2817">
    <groups>
    </groups>
    <test started-at="2024-08-22T23:57:47 IST" name="Default test" finished-at="2024-08-22T23:57:50 IST" duration-ms="2817">
      <class name="com.rest.test.GetCallBDD">
        <test-method signature="testCircuits()[pri:0, instance:com.rest.test.GetCallBDD@478190fc]" started-at="2024-08-22T23:57:47 IST" name="testCircuits" finished-at="2024-08-22T23:57:50 IST" duration-ms="2769" status="PASS">
          <reporter-output>
          </reporter-output>
        </test-method> <!-- testCircuits -->
      </class> <!-- com.rest.test.GetCallBDD -->
    </test> <!-- Default test -->
  </suite> <!-- Default suite -->
</testng-results>
